<?xml version="1.0" encoding="UTF-8"?>
<testng-results ignored="0" total="13" passed="13" failed="0" skipped="0">
  <reporter-output>
  </reporter-output>
  <suite started-at="2023-11-09T14:43:50 EET" name="TsstNG intro" finished-at="2023-11-09T14:43:50 EET" duration-ms="55">
    <groups>
      <group name="Regression">
        <method signature="MobileWebAPI2.mobile()[pri:0, instance:Test.MobileWebAPI2@1a18644]" name="mobile" class="Test.MobileWebAPI2"/>
        <method signature="MobileWebAPI.api()[pri:0, instance:Test.MobileWebAPI@48f278eb]" name="api" class="Test.MobileWebAPI"/>
        <method signature="MobileWebAPI.web()[pri:0, instance:Test.MobileWebAPI@48f278eb]" name="web" class="Test.MobileWebAPI"/>
      </group> <!-- Regression -->
      <group name="Smoke">
        <method signature="MobileWebAPI2.mobile()[pri:0, instance:Test.MobileWebAPI2@1a18644]" name="mobile" class="Test.MobileWebAPI2"/>
        <method signature="TextXMLCreated.mobileTest()[pri:0, instance:Test.TextXMLCreated@6cd28fa7]" name="mobileTest" class="Test.TextXMLCreated"/>
        <method signature="MobileWebAPI.api()[pri:0, instance:Test.MobileWebAPI@48f278eb]" name="api" class="Test.MobileWebAPI"/>
        <method signature="MobileWebAPI.mobiletest()[pri:0, instance:Test.MobileWebAPI@48f278eb]" name="mobiletest" class="Test.MobileWebAPI"/>
        <method signature="MobileWebAPI.web()[pri:0, instance:Test.MobileWebAPI@48f278eb]" name="web" class="Test.MobileWebAPI"/>
      </group> <!-- Smoke -->
    </groups>
    <test started-at="2023-11-09T14:43:50 EET" name="Test" finished-at="2023-11-09T14:43:50 EET" duration-ms="55">
      <class name="Test.MobileWebAPI2">
        <test-method is-config="true" signature="beforeMethod3()[pri:0, instance:Test.MobileWebAPI2@1a18644]" started-at="2023-11-09T14:43:50 EET" name="beforeMethod3" finished-at="2023-11-09T14:43:50 EET" duration-ms="0" status="PASS">
          <reporter-output>
          </reporter-output>
        </test-method> <!-- beforeMethod3 -->
        <test-method signature="mobile()[pri:0, instance:Test.MobileWebAPI2@1a18644]" started-at="2023-11-09T14:43:50 EET" name="mobile" finished-at="2023-11-09T14:43:50 EET" duration-ms="0" status="PASS">
          <reporter-output>
          </reporter-output>
        </test-method> <!-- mobile -->
        <test-method is-config="true" signature="beforeMethod3()[pri:0, instance:Test.MobileWebAPI2@1a18644]" started-at="2023-11-09T14:43:50 EET" name="beforeMethod3" finished-at="2023-11-09T14:43:50 EET" duration-ms="0" status="PASS">
          <reporter-output>
          </reporter-output>
        </test-method> <!-- beforeMethod3 -->
        <test-method signature="web()[pri:0, instance:Test.MobileWebAPI2@1a18644]" started-at="2023-11-09T14:43:50 EET" name="web" finished-at="2023-11-09T14:43:50 EET" duration-ms="2" status="PASS">
          <reporter-output>
          </reporter-output>
        </test-method> <!-- web -->
        <test-method is-config="true" signature="beforeMethod3()[pri:0, instance:Test.MobileWebAPI2@1a18644]" started-at="2023-11-09T14:43:50 EET" name="beforeMethod3" finished-at="2023-11-09T14:43:50 EET" duration-ms="0" status="PASS">
          <reporter-output>
          </reporter-output>
        </test-method> <!-- beforeMethod3 -->
        <test-method signature="api()[pri:0, instance:Test.MobileWebAPI2@1a18644]" started-at="2023-11-09T14:43:50 EET" name="api" finished-at="2023-11-09T14:43:50 EET" depends-on-methods="Test.MobileWebAPI2.web, Test.MobileWebAPI2.mobile" duration-ms="1" status="PASS">
          <reporter-output>
          </reporter-output>
        </test-method> <!-- api -->
      </class> <!-- Test.MobileWebAPI2 -->
      <class name="Test.MobileWebAPI">
        <test-method is-config="true" signature="beforeClass()[pri:0, instance:Test.MobileWebAPI@48f278eb]" started-at="2023-11-09T14:43:50 EET" name="beforeClass" finished-at="2023-11-09T14:43:50 EET" duration-ms="0" status="PASS">
          <reporter-output>
          </reporter-output>
        </test-method> <!-- beforeClass -->
        <test-method is-config="true" signature="beforeMethod1()[pri:0, instance:Test.MobileWebAPI@48f278eb]" started-at="2023-11-09T14:43:50 EET" name="beforeMethod1" finished-at="2023-11-09T14:43:50 EET" duration-ms="0" status="PASS">
          <reporter-output>
          </reporter-output>
        </test-method> <!-- beforeMethod1 -->
        <test-method signature="api()[pri:0, instance:Test.MobileWebAPI@48f278eb]" started-at="2023-11-09T14:43:50 EET" name="api" finished-at="2023-11-09T14:43:50 EET" duration-ms="0" status="PASS">
          <reporter-output>
          </reporter-output>
        </test-method> <!-- api -->
        <test-method signature="mobiletest()[pri:0, instance:Test.MobileWebAPI@48f278eb]" started-at="2023-11-09T14:43:50 EET" name="mobiletest" finished-at="2023-11-09T14:43:50 EET" duration-ms="1" status="PASS">
          <reporter-output>
          </reporter-output>
        </test-method> <!-- mobiletest -->
        <test-method is-config="true" signature="beforeMethod1()[pri:0, instance:Test.MobileWebAPI@48f278eb]" started-at="2023-11-09T14:43:50 EET" name="beforeMethod1" finished-at="2023-11-09T14:43:50 EET" duration-ms="0" status="PASS">
          <reporter-output>
          </reporter-output>
        </test-method> <!-- beforeMethod1 -->
        <test-method is-config="true" signature="beforeMethod1()[pri:0, instance:Test.MobileWebAPI@48f278eb]" started-at="2023-11-09T14:43:50 EET" name="beforeMethod1" finished-at="2023-11-09T14:43:50 EET" duration-ms="0" status="PASS">
          <reporter-output>
          </reporter-output>
        </test-method> <!-- beforeMethod1 -->
        <test-method signature="web()[pri:0, instance:Test.MobileWebAPI@48f278eb]" started-at="2023-11-09T14:43:50 EET" name="web" finished-at="2023-11-09T14:43:50 EET" duration-ms="0" status="PASS">
          <reporter-output>
          </reporter-output>
        </test-method> <!-- web -->
        <test-method is-config="true" signature="afterClass()[pri:0, instance:Test.MobileWebAPI@48f278eb]" started-at="2023-11-09T14:43:50 EET" name="afterClass" finished-at="2023-11-09T14:43:50 EET" duration-ms="0" status="PASS">
          <reporter-output>
          </reporter-output>
        </test-method> <!-- afterClass -->
      </class> <!-- Test.MobileWebAPI -->
      <class name="Test.TextXMLCreated">
        <test-method signature="anotherTest()[pri:0, instance:Test.TextXMLCreated@6cd28fa7]" started-at="2023-11-09T14:43:50 EET" name="anotherTest" finished-at="2023-11-09T14:43:50 EET" duration-ms="1" status="PASS">
          <reporter-output>
          </reporter-output>
        </test-method> <!-- anotherTest -->
        <test-method signature="mobileTest()[pri:0, instance:Test.TextXMLCreated@6cd28fa7]" started-at="2023-11-09T14:43:50 EET" name="mobileTest" finished-at="2023-11-09T14:43:50 EET" duration-ms="0" status="PASS">
          <reporter-output>
          </reporter-output>
        </test-method> <!-- mobileTest -->
        <test-method is-config="true" signature="afterExecution()[pri:0, instance:Test.TextXMLCreated@6cd28fa7]" started-at="2023-11-09T14:43:50 EET" name="afterExecution" finished-at="2023-11-09T14:43:50 EET" duration-ms="0" status="PASS">
          <reporter-output>
          </reporter-output>
        </test-method> <!-- afterExecution -->
      </class> <!-- Test.TextXMLCreated -->
      <class name="Test.XMLConfiguration">
        <test-method is-config="true" signature="beforSuite()[pri:0, instance:Test.XMLConfiguration@5d7148e2]" started-at="2023-11-09T14:43:50 EET" name="beforSuite" finished-at="2023-11-09T14:43:50 EET" duration-ms="5" status="PASS">
          <reporter-output>
          </reporter-output>
        </test-method> <!-- beforSuite -->
        <test-method is-config="true" signature="preExecution()[pri:0, instance:Test.XMLConfiguration@5d7148e2]" started-at="2023-11-09T14:43:50 EET" name="preExecution" finished-at="2023-11-09T14:43:50 EET" duration-ms="0" status="PASS">
          <reporter-output>
          </reporter-output>
        </test-method> <!-- preExecution -->
        <test-method signature="Test1()[pri:0, instance:Test.XMLConfiguration@5d7148e2]" started-at="2023-11-09T14:43:50 EET" name="Test1" finished-at="2023-11-09T14:43:50 EET" duration-ms="0" status="PASS">
          <reporter-output>
          </reporter-output>
        </test-method> <!-- Test1 -->
        <test-method signature="Test2()[pri:0, instance:Test.XMLConfiguration@5d7148e2]" started-at="2023-11-09T14:43:50 EET" name="Test2" finished-at="2023-11-09T14:43:50 EET" duration-ms="1" status="PASS">
          <reporter-output>
          </reporter-output>
        </test-method> <!-- Test2 -->
        <test-method is-config="true" signature="afterSuite()[pri:0, instance:Test.XMLConfiguration@5d7148e2]" started-at="2023-11-09T14:43:50 EET" name="afterSuite" finished-at="2023-11-09T14:43:50 EET" duration-ms="1" status="PASS">
          <reporter-output>
          </reporter-output>
        </test-method> <!-- afterSuite -->
      </class> <!-- Test.XMLConfiguration -->
      <class name="Test.DataProviderExample">
        <test-method signature="CredentialsTest(java.lang.String,java.lang.String)[pri:0, instance:Test.DataProviderExample@6babf3bf]" started-at="2023-11-09T14:43:50 EET" name="CredentialsTest" data-provider="userData" finished-at="2023-11-09T14:43:50 EET" duration-ms="4" status="PASS">
          <params>
            <param index="0">
              <value>
                <![CDATA[username1]]>
              </value>
            </param>
            <param index="1">
              <value>
                <![CDATA[password1]]>
              </value>
            </param>
          </params>
          <reporter-output>
          </reporter-output>
        </test-method> <!-- CredentialsTest -->
        <test-method signature="CredentialsTest(java.lang.String,java.lang.String)[pri:0, instance:Test.DataProviderExample@6babf3bf]" started-at="2023-11-09T14:43:50 EET" name="CredentialsTest" data-provider="userData" finished-at="2023-11-09T14:43:50 EET" duration-ms="0" status="PASS">
          <params>
            <param index="0">
              <value>
                <![CDATA[username2]]>
              </value>
            </param>
            <param index="1">
              <value>
                <![CDATA[password2]]>
              </value>
            </param>
          </params>
          <reporter-output>
          </reporter-output>
        </test-method> <!-- CredentialsTest -->
        <test-method signature="CredentialsTest(java.lang.String,java.lang.String)[pri:0, instance:Test.DataProviderExample@6babf3bf]" started-at="2023-11-09T14:43:50 EET" name="CredentialsTest" data-provider="userData" finished-at="2023-11-09T14:43:50 EET" duration-ms="1" status="PASS">
          <params>
            <param index="0">
              <value>
                <![CDATA[username3]]>
              </value>
            </param>
            <param index="1">
              <value>
                <![CDATA[password3]]>
              </value>
            </param>
          </params>
          <reporter-output>
          </reporter-output>
        </test-method> <!-- CredentialsTest -->
      </class> <!-- Test.DataProviderExample -->
    </test> <!-- Test -->
  </suite> <!-- TsstNG intro -->
</testng-results>
