<?xml version="1.0" encoding="UTF-8"?>
<!-- Generated by org.testng.reporters.JUnitXMLReporter -->
<testsuite ignored="0" hostname="YBARTASH-NB" failures="0" tests="3" name="Test" time="0.032" errors="0" timestamp="2023-11-09T16:20:55 EET">
  <testcase classname="Inheritance.ChildClass" name="constructorCall" time="0.004"/>
  <testcase classname="Inheritance.ChildClass" name="testRun" time="0.001"/>
  <testcase classname="Inheritance.ParrentClass" name="partentMethod1" time="0.001"/>
</testsuite> <!-- Test -->
