<?xml version="1.0" encoding="UTF-8"?>
<testng-results ignored="0" total="1" passed="1" failed="0" skipped="0">
  <reporter-output>
  </reporter-output>
  <suite started-at="2023-11-15T10:47:32 EET" name="Default suite" finished-at="2023-11-15T10:47:41 EET" duration-ms="9390">
    <groups>
    </groups>
    <test started-at="2023-11-15T10:47:32 EET" name="Default test" finished-at="2023-11-15T10:47:41 EET" duration-ms="9390">
      <class name="ExtendReport.Session22.StandaloneTest">
        <test-method is-config="true" signature="config()[pri:0, instance:ExtendReport.Session22.StandaloneTest@a38c7fe]" started-at="2023-11-15T10:47:32 EET" name="config" finished-at="2023-11-15T10:47:32 EET" duration-ms="183" status="PASS">
          <reporter-output>
          </reporter-output>
        </test-method> <!-- config -->
        <test-method signature="openUrl()[pri:0, instance:ExtendReport.Session22.StandaloneTest@a38c7fe]" started-at="2023-11-15T10:47:32 EET" name="openUrl" finished-at="2023-11-15T10:47:41 EET" duration-ms="9178" status="PASS">
          <reporter-output>
          </reporter-output>
        </test-method> <!-- openUrl -->
      </class> <!-- ExtendReport.Session22.StandaloneTest -->
    </test> <!-- Default test -->
  </suite> <!-- Default suite -->
</testng-results>
