<?xml version="1.0" encoding="UTF-8"?>
<testng-results ignored="0" total="2" passed="2" failed="0" skipped="0">
  <reporter-output>
  </reporter-output>
  <suite started-at="2023-11-18T14:09:59 EET" name="Default suite" finished-at="2023-11-18T14:10:12 EET" duration-ms="13038">
    <groups>
      <group name="ErrorHandling">
        <method signature="ErrorValidationTest.LoginErrorValidation()[pri:0, instance:udemyautomationjava.test.ErrorValidationTest@58695725]" name="LoginErrorValidation" class="udemyautomationjava.test.ErrorValidationTest"/>
        <method signature="ErrorValidationTest.productErrorValidation()[pri:0, instance:udemyautomationjava.test.ErrorValidationTest@58695725]" name="productErrorValidation" class="udemyautomationjava.test.ErrorValidationTest"/>
      </group> <!-- ErrorHandling -->
    </groups>
    <test started-at="2023-11-18T14:09:59 EET" name="Default test" finished-at="2023-11-18T14:10:12 EET" duration-ms="13038">
      <class name="udemyautomationjava.test.ErrorValidationTest">
        <test-method is-config="true" signature="lunchApplication()[pri:0, instance:udemyautomationjava.test.ErrorValidationTest@58695725]" started-at="2023-11-18T14:09:59 EET" name="lunchApplication" finished-at="2023-11-18T14:10:04 EET" duration-ms="4916" status="PASS">
          <reporter-output>
          </reporter-output>
        </test-method> <!-- lunchApplication -->
        <test-method signature="LoginErrorValidation()[pri:0, instance:udemyautomationjava.test.ErrorValidationTest@58695725]" started-at="2023-11-18T14:10:04 EET" name="LoginErrorValidation" finished-at="2023-11-18T14:10:04 EET" duration-ms="545" status="PASS">
          <reporter-output>
          </reporter-output>
        </test-method> <!-- LoginErrorValidation -->
        <test-method is-config="true" signature="closeApplication()[pri:0, instance:udemyautomationjava.test.ErrorValidationTest@58695725]" started-at="2023-11-18T14:10:04 EET" name="closeApplication" finished-at="2023-11-18T14:10:04 EET" duration-ms="112" status="PASS">
          <reporter-output>
          </reporter-output>
        </test-method> <!-- closeApplication -->
        <test-method is-config="true" signature="lunchApplication()[pri:0, instance:udemyautomationjava.test.ErrorValidationTest@58695725]" started-at="2023-11-18T14:10:04 EET" name="lunchApplication" finished-at="2023-11-18T14:10:09 EET" duration-ms="4249" status="PASS">
          <reporter-output>
          </reporter-output>
        </test-method> <!-- lunchApplication -->
        <test-method signature="productErrorValidation()[pri:0, instance:udemyautomationjava.test.ErrorValidationTest@58695725]" started-at="2023-11-18T14:10:09 EET" name="productErrorValidation" finished-at="2023-11-18T14:10:12 EET" duration-ms="3088" status="PASS">
          <reporter-output>
          </reporter-output>
        </test-method> <!-- productErrorValidation -->
        <test-method is-config="true" signature="closeApplication()[pri:0, instance:udemyautomationjava.test.ErrorValidationTest@58695725]" started-at="2023-11-18T14:10:12 EET" name="closeApplication" finished-at="2023-11-18T14:10:12 EET" duration-ms="95" status="PASS">
          <reporter-output>
          </reporter-output>
        </test-method> <!-- closeApplication -->
      </class> <!-- udemyautomationjava.test.ErrorValidationTest -->
    </test> <!-- Default test -->
  </suite> <!-- Default suite -->
</testng-results>
