<?xml version="1.0" encoding="UTF-8"?>
<testng-results ignored="0" total="6" passed="5" failed="1" skipped="0">
  <reporter-output>
  </reporter-output>
  <suite started-at="2023-11-15T19:03:18 EET" name="Suite" finished-at="2023-11-15T19:03:43 EET" duration-ms="25576">
    <groups>
      <group name="ErrorHandling">
        <method signature="ErrorValidationTest.LoginErrorValidation()[pri:0, instance:udemyautomationjava.test.ErrorValidationTest@335b5620]" name="LoginErrorValidation" class="udemyautomationjava.test.ErrorValidationTest"/>
        <method signature="ErrorValidationTest.productErrorValidation()[pri:0, instance:udemyautomationjava.test.ErrorValidationTest@335b5620]" name="productErrorValidation" class="udemyautomationjava.test.ErrorValidationTest"/>
      </group> <!-- ErrorHandling -->
      <group name="PlaceOrder">
        <method signature="SubmitOrderTest.submitOrder(java.util.HashMap)[pri:0, instance:udemyautomationjava.test.SubmitOrderTest@5a2d131d]" name="submitOrder" class="udemyautomationjava.test.SubmitOrderTest"/>
      </group> <!-- PlaceOrder -->
    </groups>
    <test started-at="2023-11-15T19:03:18 EET" name="Error Validation Test" finished-at="2023-11-15T19:03:31 EET" duration-ms="13385">
      <class name="udemyautomationjava.test.ErrorValidationTest">
        <test-method is-config="true" signature="lunchApplication()[pri:0, instance:udemyautomationjava.test.ErrorValidationTest@335b5620]" started-at="2023-11-15T19:03:18 EET" name="lunchApplication" finished-at="2023-11-15T19:03:23 EET" duration-ms="4965" status="PASS">
          <reporter-output>
          </reporter-output>
        </test-method> <!-- lunchApplication -->
        <test-method signature="LoginErrorValidation()[pri:0, instance:udemyautomationjava.test.ErrorValidationTest@335b5620]" started-at="2023-11-15T19:03:23 EET" name="LoginErrorValidation" finished-at="2023-11-15T19:03:24 EET" duration-ms="982" status="FAIL">
          <exception class="java.lang.AssertionError">
            <message>
              <![CDATA[expected [Incorrect email or password.!] but found [Incorrect email or password.]]]>
            </message>
            <full-stacktrace>
              <![CDATA[java.lang.AssertionError: expected [Incorrect email or password.!] but found [Incorrect email or password.]
at org.testng.Assert.fail(Assert.java:99)
at org.testng.Assert.failNotEquals(Assert.java:1037)
at org.testng.Assert.assertEqualsImpl(Assert.java:140)
at org.testng.Assert.assertEquals(Assert.java:122)
at org.testng.Assert.assertEquals(Assert.java:629)
at org.testng.Assert.assertEquals(Assert.java:639)
at udemyautomationjava.test.ErrorValidationTest.LoginErrorValidation(ErrorValidationTest.java:17)
at java.base/jdk.internal.reflect.NativeMethodAccessorImpl.invoke0(Native Method)
at java.base/jdk.internal.reflect.NativeMethodAccessorImpl.invoke(NativeMethodAccessorImpl.java:77)
at java.base/jdk.internal.reflect.DelegatingMethodAccessorImpl.invoke(DelegatingMethodAccessorImpl.java:43)
at java.base/java.lang.reflect.Method.invoke(Method.java:568)
at org.testng.internal.MethodInvocationHelper.invokeMethod(MethodInvocationHelper.java:133)
at org.testng.internal.TestInvoker.invokeMethod(TestInvoker.java:598)
at org.testng.internal.TestInvoker.invokeTestMethod(TestInvoker.java:173)
at org.testng.internal.MethodRunner.runInSequence(MethodRunner.java:46)
at org.testng.internal.TestInvoker$MethodInvocationAgent.invoke(TestInvoker.java:824)
at org.testng.internal.TestInvoker.invokeTestMethods(TestInvoker.java:146)
at org.testng.internal.TestMethodWorker.invokeTestMethods(TestMethodWorker.java:146)
at org.testng.internal.TestMethodWorker.run(TestMethodWorker.java:128)
at java.base/java.util.ArrayList.forEach(ArrayList.java:1511)
at org.testng.TestRunner.privateRun(TestRunner.java:794)
at org.testng.TestRunner.run(TestRunner.java:596)
at org.testng.SuiteRunner.runTest(SuiteRunner.java:377)
at org.testng.SuiteRunner.access$000(SuiteRunner.java:28)
at org.testng.SuiteRunner$SuiteWorker.run(SuiteRunner.java:418)
at org.testng.internal.thread.ThreadUtil.lambda$execute$0(ThreadUtil.java:64)
at java.base/java.util.concurrent.FutureTask.run(FutureTask.java:264)
at java.base/java.util.concurrent.ThreadPoolExecutor.runWorker(ThreadPoolExecutor.java:1136)
at java.base/java.util.concurrent.ThreadPoolExecutor$Worker.run(ThreadPoolExecutor.java:635)
at java.base/java.lang.Thread.run(Thread.java:833)
]]>
            </full-stacktrace>
          </exception> <!-- java.lang.AssertionError -->
          <reporter-output>
          </reporter-output>
        </test-method> <!-- LoginErrorValidation -->
        <test-method is-config="true" signature="closeApplication()[pri:0, instance:udemyautomationjava.test.ErrorValidationTest@335b5620]" started-at="2023-11-15T19:03:24 EET" name="closeApplication" finished-at="2023-11-15T19:03:24 EET" duration-ms="163" status="PASS">
          <reporter-output>
          </reporter-output>
        </test-method> <!-- closeApplication -->
        <test-method is-config="true" signature="lunchApplication()[pri:0, instance:udemyautomationjava.test.ErrorValidationTest@335b5620]" started-at="2023-11-15T19:03:24 EET" name="lunchApplication" finished-at="2023-11-15T19:03:28 EET" duration-ms="3975" status="PASS">
          <reporter-output>
          </reporter-output>
        </test-method> <!-- lunchApplication -->
        <test-method signature="productErrorValidation()[pri:0, instance:udemyautomationjava.test.ErrorValidationTest@335b5620]" started-at="2023-11-15T19:03:28 EET" name="productErrorValidation" finished-at="2023-11-15T19:03:31 EET" duration-ms="2790" status="PASS">
          <reporter-output>
          </reporter-output>
        </test-method> <!-- productErrorValidation -->
        <test-method is-config="true" signature="closeApplication()[pri:0, instance:udemyautomationjava.test.ErrorValidationTest@335b5620]" started-at="2023-11-15T19:03:31 EET" name="closeApplication" finished-at="2023-11-15T19:03:31 EET" duration-ms="86" status="PASS">
          <reporter-output>
          </reporter-output>
        </test-method> <!-- closeApplication -->
      </class> <!-- udemyautomationjava.test.ErrorValidationTest -->
    </test> <!-- Error Validation Test -->
    <test started-at="2023-11-15T19:03:18 EET" name="Submit Order Test" finished-at="2023-11-15T19:03:43 EET" duration-ms="25576">
      <class name="udemyautomationjava.test.SubmitOrderTest">
        <test-method is-config="true" signature="lunchApplication()[pri:0, instance:udemyautomationjava.test.SubmitOrderTest@5a2d131d]" started-at="2023-11-15T19:03:18 EET" name="lunchApplication" finished-at="2023-11-15T19:03:23 EET" duration-ms="4515" status="PASS">
          <reporter-output>
          </reporter-output>
        </test-method> <!-- lunchApplication -->
        <test-method signature="submitOrder(java.util.HashMap)[pri:0, instance:udemyautomationjava.test.SubmitOrderTest@5a2d131d]" started-at="2023-11-15T19:03:23 EET" name="submitOrder" data-provider="getData" finished-at="2023-11-15T19:03:26 EET" duration-ms="3735" status="PASS">
          <params>
            <param index="0">
              <value>
                <![CDATA[{password=Test1234, product=zara coat 3, email=test@as.co}]]>
              </value>
            </param>
          </params>
          <reporter-output>
          </reporter-output>
        </test-method> <!-- submitOrder -->
        <test-method is-config="true" signature="closeApplication()[pri:0, instance:udemyautomationjava.test.SubmitOrderTest@5a2d131d]" started-at="2023-11-15T19:03:26 EET" name="closeApplication" finished-at="2023-11-15T19:03:26 EET" duration-ms="98" status="PASS">
          <reporter-output>
          </reporter-output>
        </test-method> <!-- closeApplication -->
        <test-method is-config="true" signature="lunchApplication()[pri:0, instance:udemyautomationjava.test.SubmitOrderTest@5a2d131d]" started-at="2023-11-15T19:03:26 EET" name="lunchApplication" finished-at="2023-11-15T19:03:30 EET" duration-ms="3368" status="PASS">
          <reporter-output>
          </reporter-output>
        </test-method> <!-- lunchApplication -->
        <test-method signature="submitOrder(java.util.HashMap)[pri:0, instance:udemyautomationjava.test.SubmitOrderTest@5a2d131d]" started-at="2023-11-15T19:03:30 EET" name="submitOrder" data-provider="getData" finished-at="2023-11-15T19:03:33 EET" duration-ms="3631" status="PASS">
          <params>
            <param index="0">
              <value>
                <![CDATA[{password=Test1234, product=adidas original, email=test1@as.co}]]>
              </value>
            </param>
          </params>
          <reporter-output>
          </reporter-output>
        </test-method> <!-- submitOrder -->
        <test-method is-config="true" signature="closeApplication()[pri:0, instance:udemyautomationjava.test.SubmitOrderTest@5a2d131d]" started-at="2023-11-15T19:03:33 EET" name="closeApplication" finished-at="2023-11-15T19:03:33 EET" duration-ms="102" status="PASS">
          <reporter-output>
          </reporter-output>
        </test-method> <!-- closeApplication -->
        <test-method is-config="true" signature="lunchApplication()[pri:0, instance:udemyautomationjava.test.SubmitOrderTest@5a2d131d]" started-at="2023-11-15T19:03:33 EET" name="lunchApplication" finished-at="2023-11-15T19:03:37 EET" duration-ms="3490" status="PASS">
          <reporter-output>
          </reporter-output>
        </test-method> <!-- lunchApplication -->
        <test-method signature="orderInOrderHistory(java.util.HashMap)[pri:0, instance:udemyautomationjava.test.SubmitOrderTest@5a2d131d]" started-at="2023-11-15T19:03:37 EET" name="orderInOrderHistory" data-provider="getData" finished-at="2023-11-15T19:03:38 EET" depends-on-methods="udemyautomationjava.test.SubmitOrderTest.submitOrder" duration-ms="909" status="PASS">
          <params>
            <param index="0">
              <value>
                <![CDATA[{password=Test1234, product=zara coat 3, email=test@as.co}]]>
              </value>
            </param>
          </params>
          <reporter-output>
          </reporter-output>
        </test-method> <!-- orderInOrderHistory -->
        <test-method is-config="true" signature="closeApplication()[pri:0, instance:udemyautomationjava.test.SubmitOrderTest@5a2d131d]" started-at="2023-11-15T19:03:38 EET" name="closeApplication" finished-at="2023-11-15T19:03:38 EET" duration-ms="92" status="PASS">
          <reporter-output>
          </reporter-output>
        </test-method> <!-- closeApplication -->
        <test-method is-config="true" signature="lunchApplication()[pri:0, instance:udemyautomationjava.test.SubmitOrderTest@5a2d131d]" started-at="2023-11-15T19:03:38 EET" name="lunchApplication" finished-at="2023-11-15T19:03:42 EET" duration-ms="4493" status="PASS">
          <reporter-output>
          </reporter-output>
        </test-method> <!-- lunchApplication -->
        <test-method signature="orderInOrderHistory(java.util.HashMap)[pri:0, instance:udemyautomationjava.test.SubmitOrderTest@5a2d131d]" started-at="2023-11-15T19:03:42 EET" name="orderInOrderHistory" data-provider="getData" finished-at="2023-11-15T19:03:43 EET" depends-on-methods="udemyautomationjava.test.SubmitOrderTest.submitOrder" duration-ms="873" status="PASS">
          <params>
            <param index="0">
              <value>
                <![CDATA[{password=Test1234, product=adidas original, email=test1@as.co}]]>
              </value>
            </param>
          </params>
          <reporter-output>
          </reporter-output>
        </test-method> <!-- orderInOrderHistory -->
        <test-method is-config="true" signature="closeApplication()[pri:0, instance:udemyautomationjava.test.SubmitOrderTest@5a2d131d]" started-at="2023-11-15T19:03:43 EET" name="closeApplication" finished-at="2023-11-15T19:03:43 EET" duration-ms="93" status="PASS">
          <reporter-output>
          </reporter-output>
        </test-method> <!-- closeApplication -->
      </class> <!-- udemyautomationjava.test.SubmitOrderTest -->
    </test> <!-- Submit Order Test -->
  </suite> <!-- Suite -->
</testng-results>
