<?xml version="1.0" encoding="UTF-8"?>
<testng-results ignored="0" total="4" passed="4" failed="0" skipped="0">
  <reporter-output>
  </reporter-output>
  <suite started-at="2023-11-14T17:33:12 EET" name="Default suite" finished-at="2023-11-14T17:33:38 EET" duration-ms="25700">
    <groups>
      <group name="PlaceOrder">
        <method signature="SubmitOrderTest.submitOrder(java.util.HashMap)[pri:0, instance:udemyautomationjava.test.SubmitOrderTest@23c30a20]" name="submitOrder" class="udemyautomationjava.test.SubmitOrderTest"/>
      </group> <!-- PlaceOrder -->
    </groups>
    <test started-at="2023-11-14T17:33:12 EET" name="Default test" finished-at="2023-11-14T17:33:38 EET" duration-ms="25700">
      <class name="udemyautomationjava.test.SubmitOrderTest">
        <test-method is-config="true" signature="lunchApplication()[pri:0, instance:udemyautomationjava.test.SubmitOrderTest@23c30a20]" started-at="2023-11-14T17:33:12 EET" name="lunchApplication" finished-at="2023-11-14T17:33:17 EET" duration-ms="5299" status="PASS">
          <reporter-output>
          </reporter-output>
        </test-method> <!-- lunchApplication -->
        <test-method signature="submitOrder(java.util.HashMap)[pri:0, instance:udemyautomationjava.test.SubmitOrderTest@23c30a20]" started-at="2023-11-14T17:33:17 EET" name="submitOrder" data-provider="getData" finished-at="2023-11-14T17:33:21 EET" duration-ms="3722" status="PASS">
          <params>
            <param index="0">
              <value>
                <![CDATA[{password=Test1234, product=zara coat 3, email=test@as.co}]]>
              </value>
            </param>
          </params>
          <reporter-output>
          </reporter-output>
        </test-method> <!-- submitOrder -->
        <test-method is-config="true" signature="closeApplication()[pri:0, instance:udemyautomationjava.test.SubmitOrderTest@23c30a20]" started-at="2023-11-14T17:33:21 EET" name="closeApplication" finished-at="2023-11-14T17:33:21 EET" duration-ms="114" status="PASS">
          <reporter-output>
          </reporter-output>
        </test-method> <!-- closeApplication -->
        <test-method is-config="true" signature="lunchApplication()[pri:0, instance:udemyautomationjava.test.SubmitOrderTest@23c30a20]" started-at="2023-11-14T17:33:21 EET" name="lunchApplication" finished-at="2023-11-14T17:33:25 EET" duration-ms="3463" status="PASS">
          <reporter-output>
          </reporter-output>
        </test-method> <!-- lunchApplication -->
        <test-method signature="submitOrder(java.util.HashMap)[pri:0, instance:udemyautomationjava.test.SubmitOrderTest@23c30a20]" started-at="2023-11-14T17:33:25 EET" name="submitOrder" data-provider="getData" finished-at="2023-11-14T17:33:28 EET" duration-ms="3624" status="PASS">
          <params>
            <param index="0">
              <value>
                <![CDATA[{password=Test1234, product=adidas original, email=test1@as.co}]]>
              </value>
            </param>
          </params>
          <reporter-output>
          </reporter-output>
        </test-method> <!-- submitOrder -->
        <test-method is-config="true" signature="closeApplication()[pri:0, instance:udemyautomationjava.test.SubmitOrderTest@23c30a20]" started-at="2023-11-14T17:33:28 EET" name="closeApplication" finished-at="2023-11-14T17:33:28 EET" duration-ms="101" status="PASS">
          <reporter-output>
          </reporter-output>
        </test-method> <!-- closeApplication -->
        <test-method is-config="true" signature="lunchApplication()[pri:0, instance:udemyautomationjava.test.SubmitOrderTest@23c30a20]" started-at="2023-11-14T17:33:28 EET" name="lunchApplication" finished-at="2023-11-14T17:33:32 EET" duration-ms="3561" status="PASS">
          <reporter-output>
          </reporter-output>
        </test-method> <!-- lunchApplication -->
        <test-method signature="orderInOrderHistory(java.util.HashMap)[pri:0, instance:udemyautomationjava.test.SubmitOrderTest@23c30a20]" started-at="2023-11-14T17:33:32 EET" name="orderInOrderHistory" data-provider="getData" finished-at="2023-11-14T17:33:33 EET" depends-on-methods="udemyautomationjava.test.SubmitOrderTest.submitOrder" duration-ms="882" status="PASS">
          <params>
            <param index="0">
              <value>
                <![CDATA[{password=Test1234, product=zara coat 3, email=test@as.co}]]>
              </value>
            </param>
          </params>
          <reporter-output>
          </reporter-output>
        </test-method> <!-- orderInOrderHistory -->
        <test-method is-config="true" signature="closeApplication()[pri:0, instance:udemyautomationjava.test.SubmitOrderTest@23c30a20]" started-at="2023-11-14T17:33:33 EET" name="closeApplication" finished-at="2023-11-14T17:33:33 EET" duration-ms="106" status="PASS">
          <reporter-output>
          </reporter-output>
        </test-method> <!-- closeApplication -->
        <test-method is-config="true" signature="lunchApplication()[pri:0, instance:udemyautomationjava.test.SubmitOrderTest@23c30a20]" started-at="2023-11-14T17:33:33 EET" name="lunchApplication" finished-at="2023-11-14T17:33:37 EET" duration-ms="3574" status="PASS">
          <reporter-output>
          </reporter-output>
        </test-method> <!-- lunchApplication -->
        <test-method signature="orderInOrderHistory(java.util.HashMap)[pri:0, instance:udemyautomationjava.test.SubmitOrderTest@23c30a20]" started-at="2023-11-14T17:33:37 EET" name="orderInOrderHistory" data-provider="getData" finished-at="2023-11-14T17:33:37 EET" depends-on-methods="udemyautomationjava.test.SubmitOrderTest.submitOrder" duration-ms="889" status="PASS">
          <params>
            <param index="0">
              <value>
                <![CDATA[{password=Test1234, product=adidas original, email=test1@as.co}]]>
              </value>
            </param>
          </params>
          <reporter-output>
          </reporter-output>
        </test-method> <!-- orderInOrderHistory -->
        <test-method is-config="true" signature="closeApplication()[pri:0, instance:udemyautomationjava.test.SubmitOrderTest@23c30a20]" started-at="2023-11-14T17:33:37 EET" name="closeApplication" finished-at="2023-11-14T17:33:38 EET" duration-ms="100" status="PASS">
          <reporter-output>
          </reporter-output>
        </test-method> <!-- closeApplication -->
      </class> <!-- udemyautomationjava.test.SubmitOrderTest -->
    </test> <!-- Default test -->
  </suite> <!-- Default suite -->
</testng-results>
