<?xml version="1.0" encoding="UTF-8"?>
<!-- Generated by org.testng.reporters.JUnitXMLReporter -->
<testsuite ignored="0" hostname="DESKTOP-V0R7IU1" failures="0" tests="4" name="Default test" time="0.652" errors="0" timestamp="2023-11-21T14:01:05 EET">
  <testcase classname="UdemyAutomation.ExelDataDrivenImplemintation.ProvideData" name="testImplementation" time="0.007"/>
  <testcase classname="UdemyAutomation.ExelDataDrivenImplemintation.ProvideData" name="testImplementation" time="0.004"/>
  <testcase classname="UdemyAutomation.ExelDataDrivenImplemintation.ProvideData" name="testImplementation" time="0.008"/>
  <testcase classname="UdemyAutomation.ExelDataDrivenImplemintation.ProvideData" name="testImplementation" time="0.002"/>
</testsuite> <!-- Default test -->
