<?xml version="1.0" encoding="UTF-8"?>
<!-- Generated by org.testng.reporters.JUnitXMLReporter -->
<testsuite ignored="0" hostname="DESKTOP-V0R7IU1" failures="0" tests="2" name="Default test" time="13.038" errors="0" timestamp="2023-11-18T14:10:12 EET">
  <testcase classname="udemyautomationjava.test.ErrorValidationTest" name="LoginErrorValidation" time="0.545"/>
  <testcase classname="udemyautomationjava.test.ErrorValidationTest" name="productErrorValidation" time="3.088"/>
</testsuite> <!-- Default test -->
