<?xml version="1.0" encoding="UTF-8"?>
<!-- Generated by org.testng.reporters.JUnitXMLReporter -->
<testsuite ignored="0" hostname="YBARTASH-NB" failures="0" tests="4" name="Default test" time="25.7" errors="0" timestamp="2023-11-14T17:33:38 EET">
  <testcase classname="udemyautomationjava.test.SubmitOrderTest" name="submitOrder" time="3.722"/>
  <testcase classname="udemyautomationjava.test.SubmitOrderTest" name="submitOrder" time="3.624"/>
  <testcase classname="udemyautomationjava.test.SubmitOrderTest" name="orderInOrderHistory" time="0.882"/>
  <testcase classname="udemyautomationjava.test.SubmitOrderTest" name="orderInOrderHistory" time="0.889"/>
</testsuite> <!-- Default test -->
