<?xml version="1.0" encoding="UTF-8"?>
<!-- Generated by org.testng.reporters.JUnitXMLReporter -->
<testsuite ignored="0" hostname="YBARTASH-NB" failures="0" tests="2" name="Error Validation Test" time="13.205" errors="0" timestamp="2023-11-14T14:24:13 EET">
  <testcase classname="udemyautomationjava.test.ErrorValidationTest" name="LoginErrorValidation" time="0.943"/>
  <testcase classname="udemyautomationjava.test.ErrorValidationTest" name="productErrorValidation" time="2.824"/>
</testsuite> <!-- Error Validation Test -->
