<?xml version="1.0" encoding="UTF-8"?>
<!-- Generated by org.testng.reporters.JUnitXMLReporter -->
<testsuite ignored="2" hostname="YBARTASH-NB" failures="0" tests="0" time="0.006" errors="0" timestamp="2023-11-14T14:24:00 EET">
  <testcase classname="udemyautomationjava.test.SubmitOrderTest" name="orderInOrderGistory" time="0.0">
    <ignored/>
  </testcase> <!-- orderInOrderGistory -->
  <testcase classname="udemyautomationjava.test.SubmitOrderTest" name="submitOrder" time="0.0">
    <ignored/>
  </testcase> <!-- submitOrder -->
</testsuite>
