<?xml version="1.0" encoding="UTF-8"?>
<!-- Generated by org.testng.reporters.JUnitXMLReporter -->
<testsuite ignored="0" hostname="YBARTASH-NB" failures="0" tests="3" name="Default test" time="0.031" errors="0" timestamp="2023-11-09T14:09:51 EET">
  <testcase classname="Test.DataProviderExample" name="CredentialsTest" time="0.004"/>
  <testcase classname="Test.DataProviderExample" name="CredentialsTest" time="0.0"/>
  <testcase classname="Test.DataProviderExample" name="CredentialsTest" time="0.001"/>
</testsuite> <!-- Default test -->
