<?xml version="1.0" encoding="UTF-8"?>
<!-- Generated by org.testng.reporters.JUnitXMLReporter -->
<testsuite ignored="1" hostname="YBARTASH-NB" failures="0" tests="2" name="Set" time="0.006" errors="0" timestamp="2023-11-09T11:53:51 EET">
  <testcase classname="Test.MobileWebAPI2" name="api" time="0.002"/>
  <testcase classname="Test.MobileWebAPI2" name="web" time="0.0"/>
  <testcase classname="Test.MobileWebAPI2" name="mobile" time="0.0">
    <ignored/>
  </testcase> <!-- mobile -->
</testsuite> <!-- Set -->
