<?xml version="1.0" encoding="UTF-8"?>
<!-- Generated by org.testng.reporters.JUnitXMLReporter -->
<testsuite ignored="6" hostname="YBARTASH-NB" failures="0" tests="5" name="Smoke" time="0.045" errors="0" timestamp="2023-11-09T14:05:24 EET">
  <testcase classname="Test.MobileWebAPI" name="api" time="0.007"/>
  <testcase classname="Test.MobileWebAPI" name="mobiletest" time="0.001"/>
  <testcase classname="Test.MobileWebAPI" name="web" time="0.001"/>
  <testcase classname="Test.MobileWebAPI2" name="mobile" time="0.0"/>
  <testcase classname="Test.TextXMLCreated" name="mobileTest" time="0.0"/>
  <testcase classname="Test.DataProviderExample" name="CredentialsTest" time="0.0">
    <ignored/>
  </testcase> <!-- CredentialsTest -->
  <testcase classname="Test.MobileWebAPI2" name="web" time="0.0">
    <ignored/>
  </testcase> <!-- web -->
  <testcase classname="Test.XMLConfiguration" name="Test2" time="0.0">
    <ignored/>
  </testcase> <!-- Test2 -->
  <testcase classname="Test.TextXMLCreated" name="anotherTest" time="0.0">
    <ignored/>
  </testcase> <!-- anotherTest -->
  <testcase classname="Test.MobileWebAPI2" name="api" time="0.0">
    <ignored/>
  </testcase> <!-- api -->
  <testcase classname="Test.XMLConfiguration" name="Test1" time="0.0">
    <ignored/>
  </testcase> <!-- Test1 -->
</testsuite> <!-- Smoke -->
