<?xml version="1.0" encoding="UTF-8"?>
<!-- Generated by org.testng.reporters.JUnitXMLReporter -->
<testsuite ignored="0" hostname="YBARTASH-NB" failures="0" tests="13" name="Test" time="0.055" errors="0" timestamp="2023-11-09T14:43:50 EET">
  <testcase classname="Test.DataProviderExample" name="CredentialsTest" time="0.004"/>
  <testcase classname="Test.DataProviderExample" name="CredentialsTest" time="0.0"/>
  <testcase classname="Test.DataProviderExample" name="CredentialsTest" time="0.001"/>
  <testcase classname="Test.MobileWebAPI" name="api" time="0.0"/>
  <testcase classname="Test.MobileWebAPI" name="mobiletest" time="0.001"/>
  <testcase classname="Test.MobileWebAPI" name="web" time="0.0"/>
  <testcase classname="Test.MobileWebAPI2" name="mobile" time="0.0"/>
  <testcase classname="Test.MobileWebAPI2" name="web" time="0.002"/>
  <testcase classname="Test.TextXMLCreated" name="anotherTest" time="0.001"/>
  <testcase classname="Test.TextXMLCreated" name="mobileTest" time="0.0"/>
  <testcase classname="Test.XMLConfiguration" name="Test1" time="0.0"/>
  <testcase classname="Test.XMLConfiguration" name="Test2" time="0.001"/>
  <testcase classname="Test.MobileWebAPI2" name="api" time="0.001"/>
</testsuite> <!-- Test -->
