<?xml version="1.0" encoding="UTF-8"?>
<testng-results ignored="0" total="4" passed="4" failed="0" skipped="0">
  <reporter-output>
  </reporter-output>
  <suite started-at="2023-11-21T14:01:04 EET" name="Default suite" finished-at="2023-11-21T14:01:05 EET" duration-ms="652">
    <groups>
    </groups>
    <test started-at="2023-11-21T14:01:04 EET" name="Default test" finished-at="2023-11-21T14:01:05 EET" duration-ms="652">
      <class name="UdemyAutomation.ExelDataDrivenImplemintation.ProvideData">
        <test-method signature="testImplementation(java.lang.String,java.lang.String,java.lang.String,java.lang.String)[pri:0, instance:UdemyAutomation.ExelDataDrivenImplemintation.ProvideData@17bffc17]" started-at="2023-11-21T14:01:05 EET" name="testImplementation" data-provider="exelDriven" finished-at="2023-11-21T14:01:05 EET" duration-ms="7" status="PASS">
          <params>
            <param index="0">
              <value>
                <![CDATA[1]]>
              </value>
            </param>
            <param index="1">
              <value>
                <![CDATA[Order Placement]]>
              </value>
            </param>
            <param index="2">
              <value>
                <![CDATA[Item]]>
              </value>
            </param>
            <param index="3">
              <value>
                <![CDATA[234]]>
              </value>
            </param>
          </params>
          <reporter-output>
          </reporter-output>
        </test-method> <!-- testImplementation -->
        <test-method signature="testImplementation(java.lang.String,java.lang.String,java.lang.String,java.lang.String)[pri:0, instance:UdemyAutomation.ExelDataDrivenImplemintation.ProvideData@17bffc17]" started-at="2023-11-21T14:01:05 EET" name="testImplementation" data-provider="exelDriven" finished-at="2023-11-21T14:01:05 EET" duration-ms="4" status="PASS">
          <params>
            <param index="0">
              <value>
                <![CDATA[2]]>
              </value>
            </param>
            <param index="1">
              <value>
                <![CDATA[login]]>
              </value>
            </param>
            <param index="2">
              <value>
                <![CDATA[User]]>
              </value>
            </param>
            <param index="3">
              <value>
                <![CDATA[231]]>
              </value>
            </param>
          </params>
          <reporter-output>
          </reporter-output>
        </test-method> <!-- testImplementation -->
        <test-method signature="testImplementation(java.lang.String,java.lang.String,java.lang.String,java.lang.String)[pri:0, instance:UdemyAutomation.ExelDataDrivenImplemintation.ProvideData@17bffc17]" started-at="2023-11-21T14:01:05 EET" name="testImplementation" data-provider="exelDriven" finished-at="2023-11-21T14:01:05 EET" duration-ms="8" status="PASS">
          <params>
            <param index="0">
              <value>
                <![CDATA[3]]>
              </value>
            </param>
            <param index="1">
              <value>
                <![CDATA[PLP]]>
              </value>
            </param>
            <param index="2">
              <value>
                <![CDATA[Prooducts]]>
              </value>
            </param>
            <param index="3">
              <value>
                <![CDATA[566]]>
              </value>
            </param>
          </params>
          <reporter-output>
          </reporter-output>
        </test-method> <!-- testImplementation -->
        <test-method signature="testImplementation(java.lang.String,java.lang.String,java.lang.String,java.lang.String)[pri:0, instance:UdemyAutomation.ExelDataDrivenImplemintation.ProvideData@17bffc17]" started-at="2023-11-21T14:01:05 EET" name="testImplementation" data-provider="exelDriven" finished-at="2023-11-21T14:01:05 EET" duration-ms="2" status="PASS">
          <params>
            <param index="0">
              <value>
                <![CDATA[4]]>
              </value>
            </param>
            <param index="1">
              <value>
                <![CDATA[PDP]]>
              </value>
            </param>
            <param index="2">
              <value>
                <![CDATA[Product]]>
              </value>
            </param>
            <param index="3">
              <value>
                <![CDATA[3465]]>
              </value>
            </param>
          </params>
          <reporter-output>
          </reporter-output>
        </test-method> <!-- testImplementation -->
      </class> <!-- UdemyAutomation.ExelDataDrivenImplemintation.ProvideData -->
    </test> <!-- Default test -->
  </suite> <!-- Default suite -->
</testng-results>
