<?xml version="1.0" encoding="UTF-8"?>
<testng-results ignored="0" total="2" passed="2" failed="0" skipped="0">
  <reporter-output>
  </reporter-output>
  <suite started-at="2023-11-09T16:47:47 EET" name="Default suite" finished-at="2023-11-09T16:47:47 EET" duration-ms="30">
    <groups>
    </groups>
    <test started-at="2023-11-09T16:47:47 EET" name="Default test" finished-at="2023-11-09T16:47:47 EET" duration-ms="30">
      <class name="Inheritance.ChildClass">
        <test-method is-config="true" signature="partentMethod2()[pri:0, instance:Inheritance.ChildClass@53976f5c]" started-at="2023-11-09T16:47:47 EET" name="partentMethod2" finished-at="2023-11-09T16:47:47 EET" duration-ms="2" status="PASS">
          <reporter-output>
          </reporter-output>
        </test-method> <!-- partentMethod2 -->
        <test-method signature="constructorCall()[pri:0, instance:Inheritance.ChildClass@53976f5c]" started-at="2023-11-09T16:47:47 EET" name="constructorCall" finished-at="2023-11-09T16:47:47 EET" duration-ms="4" status="PASS">
          <reporter-output>
          </reporter-output>
        </test-method> <!-- constructorCall -->
        <test-method signature="partentMethod1()[pri:0, instance:Inheritance.ChildClass@53976f5c]" started-at="2023-11-09T16:47:47 EET" name="partentMethod1" finished-at="2023-11-09T16:47:47 EET" duration-ms="1" status="PASS">
          <reporter-output>
          </reporter-output>
        </test-method> <!-- partentMethod1 -->
        <test-method is-config="true" signature="partentMethod2()[pri:0, instance:Inheritance.ChildClass@53976f5c]" started-at="2023-11-09T16:47:47 EET" name="partentMethod2" finished-at="2023-11-09T16:47:47 EET" duration-ms="0" status="PASS">
          <reporter-output>
          </reporter-output>
        </test-method> <!-- partentMethod2 -->
      </class> <!-- Inheritance.ChildClass -->
    </test> <!-- Default test -->
  </suite> <!-- Default suite -->
</testng-results>
